2022-05-10 11:42:19.305  INFO 23832 --- [restartedMain] com.intern.CarRentalApplication          : Starting CarRentalApplication using Java 17.0.1 on FiendStar with PID 23832 (C:\Users\gurms\git\Car-Rental-Services\target\classes started by gurms in C:\Users\gurms\git\Car-Rental-Services)
2022-05-10 11:42:19.310  INFO 23832 --- [restartedMain] com.intern.CarRentalApplication          : No active profile set, falling back to 1 default profile: "default"
2022-05-10 11:42:19.376  INFO 23832 --- [restartedMain] .e.DevToolsPropertyDefaultsPostProcessor : Devtools property defaults active! Set 'spring.devtools.add-properties' to 'false' to disable
2022-05-10 11:42:19.376  INFO 23832 --- [restartedMain] .e.DevToolsPropertyDefaultsPostProcessor : For additional web related logging consider setting the 'logging.level.web' property to 'DEBUG'
2022-05-10 11:42:20.094  INFO 23832 --- [restartedMain] .s.d.r.c.RepositoryConfigurationDelegate : Multiple Spring Data modules found, entering strict repository configuration mode!
2022-05-10 11:42:20.096  INFO 23832 --- [restartedMain] .s.d.r.c.RepositoryConfigurationDelegate : Bootstrapping Spring Data JDBC repositories in DEFAULT mode.
2022-05-10 11:42:20.131  INFO 23832 --- [restartedMain] .RepositoryConfigurationExtensionSupport : Spring Data JDBC - Could not safely identify store assignment for repository candidate interface com.intern.DAO.AccountRepository. If you want this repository to be a JDBC repository, consider annotating your entities with one of these annotations: org.springframework.data.relational.core.mapping.Table.
2022-05-10 11:42:20.132  INFO 23832 --- [restartedMain] .RepositoryConfigurationExtensionSupport : Spring Data JDBC - Could not safely identify store assignment for repository candidate interface com.intern.DAO.AdditionalDriverRepository. If you want this repository to be a JDBC repository, consider annotating your entities with one of these annotations: org.springframework.data.relational.core.mapping.Table.
2022-05-10 11:42:20.134  INFO 23832 --- [restartedMain] .RepositoryConfigurationExtensionSupport : Spring Data JDBC - Could not safely identify store assignment for repository candidate interface com.intern.DAO.BarcodeReaderRepository. If you want this repository to be a JDBC repository, consider annotating your entities with one of these annotations: org.springframework.data.relational.core.mapping.Table.
2022-05-10 11:42:20.135  INFO 23832 --- [restartedMain] .RepositoryConfigurationExtensionSupport : Spring Data JDBC - Could not safely identify store assignment for repository candidate interface com.intern.DAO.BarcodeRepository. If you want this repository to be a JDBC repository, consider annotating your entities with one of these annotations: org.springframework.data.relational.core.mapping.Table.
2022-05-10 11:42:20.136  INFO 23832 --- [restartedMain] .RepositoryConfigurationExtensionSupport : Spring Data JDBC - Could not safely identify store assignment for repository candidate interface com.intern.DAO.BillItemRepository. If you want this repository to be a JDBC repository, consider annotating your entities with one of these annotations: org.springframework.data.relational.core.mapping.Table.
2022-05-10 11:42:20.137  INFO 23832 --- [restartedMain] .RepositoryConfigurationExtensionSupport : Spring Data JDBC - Could not safely identify store assignment for repository candidate interface com.intern.DAO.BillRepository. If you want this repository to be a JDBC repository, consider annotating your entities with one of these annotations: org.springframework.data.relational.core.mapping.Table.
2022-05-10 11:42:20.139  INFO 23832 --- [restartedMain] .RepositoryConfigurationExtensionSupport : Spring Data JDBC - Could not safely identify store assignment for repository candidate interface com.intern.DAO.CarRentalLocationRepository. If you want this repository to be a JDBC repository, consider annotating your entities with one of these annotations: org.springframework.data.relational.core.mapping.Table.
2022-05-10 11:42:20.140  INFO 23832 --- [restartedMain] .RepositoryConfigurationExtensionSupport : Spring Data JDBC - Could not safely identify store assignment for repository candidate interface com.intern.DAO.CarRentalSystemRepository. If you want this repository to be a JDBC repository, consider annotating your entities with one of these annotations: org.springframework.data.relational.core.mapping.Table.
2022-05-10 11:42:20.142  INFO 23832 --- [restartedMain] .RepositoryConfigurationExtensionSupport : Spring Data JDBC - Could not safely identify store assignment for repository candidate interface com.intern.DAO.CarRepository. If you want this repository to be a JDBC repository, consider annotating your entities with one of these annotations: org.springframework.data.relational.core.mapping.Table.
2022-05-10 11:42:20.143  INFO 23832 --- [restartedMain] .RepositoryConfigurationExtensionSupport : Spring Data JDBC - Could not safely identify store assignment for repository candidate interface com.intern.DAO.EquipmentRepository. If you want this repository to be a JDBC repository, consider annotating your entities with one of these annotations: org.springframework.data.relational.core.mapping.Table.
2022-05-10 11:42:20.145  INFO 23832 --- [restartedMain] .RepositoryConfigurationExtensionSupport : Spring Data JDBC - Could not safely identify store assignment for repository candidate interface com.intern.DAO.MemberRepository. If you want this repository to be a JDBC repository, consider annotating your entities with one of these annotations: org.springframework.data.relational.core.mapping.Table.
2022-05-10 11:42:20.147  INFO 23832 --- [restartedMain] .RepositoryConfigurationExtensionSupport : Spring Data JDBC - Could not safely identify store assignment for repository candidate interface com.intern.DAO.NotificationRepository. If you want this repository to be a JDBC repository, consider annotating your entities with one of these annotations: org.springframework.data.relational.core.mapping.Table.
2022-05-10 11:42:20.148  INFO 23832 --- [restartedMain] .RepositoryConfigurationExtensionSupport : Spring Data JDBC - Could not safely identify store assignment for repository candidate interface com.intern.DAO.ParkingStallRepository. If you want this repository to be a JDBC repository, consider annotating your entities with one of these annotations: org.springframework.data.relational.core.mapping.Table.
2022-05-10 11:42:20.149  INFO 23832 --- [restartedMain] .RepositoryConfigurationExtensionSupport : Spring Data JDBC - Could not safely identify store assignment for repository candidate interface com.intern.DAO.PaymentRepository. If you want this repository to be a JDBC repository, consider annotating your entities with one of these annotations: org.springframework.data.relational.core.mapping.Table.
2022-05-10 11:42:20.150  INFO 23832 --- [restartedMain] .RepositoryConfigurationExtensionSupport : Spring Data JDBC - Could not safely identify store assignment for repository candidate interface com.intern.DAO.ReceptionistRepository. If you want this repository to be a JDBC repository, consider annotating your entities with one of these annotations: org.springframework.data.relational.core.mapping.Table.
2022-05-10 11:42:20.152  INFO 23832 --- [restartedMain] .RepositoryConfigurationExtensionSupport : Spring Data JDBC - Could not safely identify store assignment for repository candidate interface com.intern.DAO.RentalInsuranceRepository. If you want this repository to be a JDBC repository, consider annotating your entities with one of these annotations: org.springframework.data.relational.core.mapping.Table.
2022-05-10 11:42:20.153  INFO 23832 --- [restartedMain] .RepositoryConfigurationExtensionSupport : Spring Data JDBC - Could not safely identify store assignment for repository candidate interface com.intern.DAO.ServiceRepository. If you want this repository to be a JDBC repository, consider annotating your entities with one of these annotations: org.springframework.data.relational.core.mapping.Table.
2022-05-10 11:42:20.154  INFO 23832 --- [restartedMain] .RepositoryConfigurationExtensionSupport : Spring Data JDBC - Could not safely identify store assignment for repository candidate interface com.intern.DAO.VehicleLogRepository. If you want this repository to be a JDBC repository, consider annotating your entities with one of these annotations: org.springframework.data.relational.core.mapping.Table.
2022-05-10 11:42:20.155  INFO 23832 --- [restartedMain] .RepositoryConfigurationExtensionSupport : Spring Data JDBC - Could not safely identify store assignment for repository candidate interface com.intern.DAO.VehicleRepository. If you want this repository to be a JDBC repository, consider annotating your entities with one of these annotations: org.springframework.data.relational.core.mapping.Table.
2022-05-10 11:42:20.156  INFO 23832 --- [restartedMain] .RepositoryConfigurationExtensionSupport : Spring Data JDBC - Could not safely identify store assignment for repository candidate interface com.intern.DAO.VehicleReservationRepository. If you want this repository to be a JDBC repository, consider annotating your entities with one of these annotations: org.springframework.data.relational.core.mapping.Table.
2022-05-10 11:42:20.157  INFO 23832 --- [restartedMain] .s.d.r.c.RepositoryConfigurationDelegate : Finished Spring Data repository scanning in 56 ms. Found 0 JDBC repository interfaces.
2022-05-10 11:42:20.163  INFO 23832 --- [restartedMain] .s.d.r.c.RepositoryConfigurationDelegate : Multiple Spring Data modules found, entering strict repository configuration mode!
2022-05-10 11:42:20.165  INFO 23832 --- [restartedMain] .s.d.r.c.RepositoryConfigurationDelegate : Bootstrapping Spring Data JPA repositories in DEFAULT mode.
2022-05-10 11:42:20.340  INFO 23832 --- [restartedMain] .s.d.r.c.RepositoryConfigurationDelegate : Finished Spring Data repository scanning in 171 ms. Found 20 JPA repository interfaces.
2022-05-10 11:42:20.642  INFO 23832 --- [restartedMain] trationDelegate$BeanPostProcessorChecker : Bean 'org.springframework.ws.config.annotation.DelegatingWsConfiguration' of type [org.springframework.ws.config.annotation.DelegatingWsConfiguration$$EnhancerBySpringCGLIB$$b56951a9] is not eligible for getting processed by all BeanPostProcessors (for example: not eligible for auto-proxying)
2022-05-10 11:42:20.697  INFO 23832 --- [restartedMain] .w.s.a.s.AnnotationActionEndpointMapping : Supporting [WS-Addressing August 2004, WS-Addressing 1.0]
2022-05-10 11:42:21.063  INFO 23832 --- [restartedMain] o.s.b.w.embedded.tomcat.TomcatWebServer  : Tomcat initialized with port(s): 8080 (http)
2022-05-10 11:42:21.073  INFO 23832 --- [restartedMain] o.apache.catalina.core.StandardService   : Starting service [Tomcat]
2022-05-10 11:42:21.073  INFO 23832 --- [restartedMain] org.apache.catalina.core.StandardEngine  : Starting Servlet engine: [Apache Tomcat/9.0.60]
2022-05-10 11:42:21.261  INFO 23832 --- [restartedMain] org.apache.jasper.servlet.TldScanner     : At least one JAR was scanned for TLDs yet contained no TLDs. Enable debug logging for this logger for a complete list of JARs that were scanned but no TLDs were found in them. Skipping unneeded JARs during scanning can improve startup time and JSP compilation time.
2022-05-10 11:42:21.268  INFO 23832 --- [restartedMain] o.a.c.c.C.[Tomcat].[localhost].[/]       : Initializing Spring embedded WebApplicationContext
2022-05-10 11:42:21.269  INFO 23832 --- [restartedMain] w.s.c.ServletWebServerApplicationContext : Root WebApplicationContext: initialization completed in 1892 ms
2022-05-10 11:42:21.301  INFO 23832 --- [restartedMain] com.zaxxer.hikari.HikariDataSource       : HikariPool-1 - Starting...
2022-05-10 11:42:21.603  INFO 23832 --- [restartedMain] com.zaxxer.hikari.HikariDataSource       : HikariPool-1 - Start completed.
2022-05-10 11:42:21.611  INFO 23832 --- [restartedMain] o.s.b.a.h2.H2ConsoleAutoConfiguration    : H2 console available at '/h2-console'. Database available at 'jdbc:mysql://localhost:3306/trial'
2022-05-10 11:42:21.781  INFO 23832 --- [restartedMain] o.hibernate.jpa.internal.util.LogHelper  : HHH000204: Processing PersistenceUnitInfo [name: default]
2022-05-10 11:42:21.858  INFO 23832 --- [restartedMain] org.hibernate.Version                    : HHH000412: Hibernate ORM core version 5.6.7.Final
2022-05-10 11:42:22.004  INFO 23832 --- [restartedMain] o.hibernate.annotations.common.Version   : HCANN000001: Hibernate Commons Annotations {5.1.2.Final}
2022-05-10 11:42:22.112  INFO 23832 --- [restartedMain] org.hibernate.dialect.Dialect            : HHH000400: Using dialect: org.hibernate.dialect.MySQL5InnoDBDialect
2022-05-10 11:42:22.186  WARN 23832 --- [restartedMain] org.hibernate.cfg.AnnotationBinder       : HHH000138: Mixing inheritance strategy in a entity hierarchy is not allowed, ignoring sub strategy in: com.intern.carRental.primary.Member
2022-05-10 11:42:22.186  WARN 23832 --- [restartedMain] org.hibernate.cfg.AnnotationBinder       : HHH000138: Mixing inheritance strategy in a entity hierarchy is not allowed, ignoring sub strategy in: com.intern.carRental.primary.Receptionist
2022-05-10 11:42:22.186  WARN 23832 --- [restartedMain] org.hibernate.cfg.AnnotationBinder       : HHH000138: Mixing inheritance strategy in a entity hierarchy is not allowed, ignoring sub strategy in: com.intern.carRental.primary.vehicletypes.Car
2022-05-10 11:42:22.186  WARN 23832 --- [restartedMain] org.hibernate.cfg.AnnotationBinder       : HHH000138: Mixing inheritance strategy in a entity hierarchy is not allowed, ignoring sub strategy in: com.intern.carRental.primary.vehicletypes.Motorcycle
2022-05-10 11:42:22.187  WARN 23832 --- [restartedMain] org.hibernate.cfg.AnnotationBinder       : HHH000138: Mixing inheritance strategy in a entity hierarchy is not allowed, ignoring sub strategy in: com.intern.carRental.primary.vehicletypes.SUV
2022-05-10 11:42:22.187  WARN 23832 --- [restartedMain] org.hibernate.cfg.AnnotationBinder       : HHH000138: Mixing inheritance strategy in a entity hierarchy is not allowed, ignoring sub strategy in: com.intern.carRental.primary.vehicletypes.Truck
2022-05-10 11:42:22.187  WARN 23832 --- [restartedMain] org.hibernate.cfg.AnnotationBinder       : HHH000138: Mixing inheritance strategy in a entity hierarchy is not allowed, ignoring sub strategy in: com.intern.carRental.primary.vehicletypes.Van
2022-05-10 11:42:22.187  WARN 23832 --- [restartedMain] org.hibernate.cfg.AnnotationBinder       : HHH000138: Mixing inheritance strategy in a entity hierarchy is not allowed, ignoring sub strategy in: com.intern.primary.addonServices.BelongingInsurance
2022-05-10 11:42:22.187  WARN 23832 --- [restartedMain] org.hibernate.cfg.AnnotationBinder       : HHH000138: Mixing inheritance strategy in a entity hierarchy is not allowed, ignoring sub strategy in: com.intern.primary.addonServices.CashTransaction
2022-05-10 11:42:22.187  WARN 23832 --- [restartedMain] org.hibernate.cfg.AnnotationBinder       : HHH000138: Mixing inheritance strategy in a entity hierarchy is not allowed, ignoring sub strategy in: com.intern.primary.addonServices.CheckTransaction
2022-05-10 11:42:22.187  WARN 23832 --- [restartedMain] org.hibernate.cfg.AnnotationBinder       : HHH000138: Mixing inheritance strategy in a entity hierarchy is not allowed, ignoring sub strategy in: com.intern.primary.addonServices.ChildSeat
2022-05-10 11:42:22.187  WARN 23832 --- [restartedMain] org.hibernate.cfg.AnnotationBinder       : HHH000138: Mixing inheritance strategy in a entity hierarchy is not allowed, ignoring sub strategy in: com.intern.primary.addonServices.CreditCardTransaction
2022-05-10 11:42:22.187  WARN 23832 --- [restartedMain] org.hibernate.cfg.AnnotationBinder       : HHH000138: Mixing inheritance strategy in a entity hierarchy is not allowed, ignoring sub strategy in: com.intern.primary.addonServices.Driver
2022-05-10 11:42:22.187  WARN 23832 --- [restartedMain] org.hibernate.cfg.AnnotationBinder       : HHH000138: Mixing inheritance strategy in a entity hierarchy is not allowed, ignoring sub strategy in: com.intern.primary.addonServices.EmailNotification
2022-05-10 11:42:22.187  WARN 23832 --- [restartedMain] org.hibernate.cfg.AnnotationBinder       : HHH000138: Mixing inheritance strategy in a entity hierarchy is not allowed, ignoring sub strategy in: com.intern.primary.addonServices.LiabilityInsurance
2022-05-10 11:42:22.187  WARN 23832 --- [restartedMain] org.hibernate.cfg.AnnotationBinder       : HHH000138: Mixing inheritance strategy in a entity hierarchy is not allowed, ignoring sub strategy in: com.intern.primary.addonServices.Navigation
2022-05-10 11:42:22.187  WARN 23832 --- [restartedMain] org.hibernate.cfg.AnnotationBinder       : HHH000138: Mixing inheritance strategy in a entity hierarchy is not allowed, ignoring sub strategy in: com.intern.primary.addonServices.PersonalInsurance
2022-05-10 11:42:22.187  WARN 23832 --- [restartedMain] org.hibernate.cfg.AnnotationBinder       : HHH000138: Mixing inheritance strategy in a entity hierarchy is not allowed, ignoring sub strategy in: com.intern.primary.addonServices.RoadsideAssistance
2022-05-10 11:42:22.188  WARN 23832 --- [restartedMain] org.hibernate.cfg.AnnotationBinder       : HHH000138: Mixing inheritance strategy in a entity hierarchy is not allowed, ignoring sub strategy in: com.intern.primary.addonServices.SMSNotification
2022-05-10 11:42:22.188  WARN 23832 --- [restartedMain] org.hibernate.cfg.AnnotationBinder       : HHH000138: Mixing inheritance strategy in a entity hierarchy is not allowed, ignoring sub strategy in: com.intern.primary.addonServices.SkiRack
2022-05-10 11:42:22.188  WARN 23832 --- [restartedMain] org.hibernate.cfg.AnnotationBinder       : HHH000138: Mixing inheritance strategy in a entity hierarchy is not allowed, ignoring sub strategy in: com.intern.primary.addonServices.WiFi
2022-05-10 11:42:23.228  INFO 23832 --- [restartedMain] o.h.e.t.j.p.i.JtaPlatformInitiator       : HHH000490: Using JtaPlatform implementation: [org.hibernate.engine.transaction.jta.platform.internal.NoJtaPlatform]
2022-05-10 11:42:23.236  INFO 23832 --- [restartedMain] j.LocalContainerEntityManagerFactoryBean : Initialized JPA EntityManagerFactory for persistence unit 'default'
2022-05-10 11:42:23.698  WARN 23832 --- [restartedMain] JpaBaseConfiguration$JpaWebConfiguration : spring.jpa.open-in-view is enabled by default. Therefore, database queries may be performed during view rendering. Explicitly configure spring.jpa.open-in-view to disable this warning
2022-05-10 11:42:23.959  INFO 23832 --- [restartedMain] o.s.s.web.DefaultSecurityFilterChain     : Will not secure any request
2022-05-10 11:42:24.063 DEBUG 23832 --- [restartedMain] s.w.s.m.m.a.RequestMappingHandlerAdapter : ControllerAdvice beans: 0 @ModelAttribute, 0 @InitBinder, 1 RequestBodyAdvice, 1 ResponseBodyAdvice
2022-05-10 11:42:24.129 DEBUG 23832 --- [restartedMain] s.w.s.m.m.a.RequestMappingHandlerMapping : 16 mappings in 'requestMappingHandlerMapping'
2022-05-10 11:42:24.154 DEBUG 23832 --- [restartedMain] o.s.w.s.handler.SimpleUrlHandlerMapping  : Patterns [/webjars/**, /**] in 'resourceHandlerMapping'
2022-05-10 11:42:24.163 DEBUG 23832 --- [restartedMain] .m.m.a.ExceptionHandlerExceptionResolver : ControllerAdvice beans: 0 @ExceptionHandler, 1 ResponseBodyAdvice
2022-05-10 11:42:24.445 DEBUG 23832 --- [restartedMain] o.s.w.s.v.f.FreeMarkerConfigurer         : File system access not preferred: using SpringTemplateLoader
2022-05-10 11:42:24.456  WARN 23832 --- [restartedMain] o.s.b.a.f.FreeMarkerAutoConfiguration    : Cannot find template location(s): [classpath:/templates/] (please add some templates, check your FreeMarker configuration, or set spring.freemarker.checkTemplateLocation=false)
2022-05-10 11:42:24.563  INFO 23832 --- [restartedMain] o.s.b.d.a.OptionalLiveReloadServer       : LiveReload server is running on port 35729
2022-05-10 11:42:24.607  INFO 23832 --- [restartedMain] o.s.b.w.embedded.tomcat.TomcatWebServer  : Tomcat started on port(s): 8080 (http) with context path ''
2022-05-10 11:42:24.616  INFO 23832 --- [restartedMain] com.intern.CarRentalApplication          : Started CarRentalApplication in 5.694 seconds (JVM running for 6.575)
